# JRE version: Java(TM) SE Runtime Environment (17.0.12+8) (build 17.0.12+8-LTS-286)
# Java VM: Java HotSpot(TM) 64-Bit Server VM (17.0.12+8-LTS-286, mixed mode, sharing, tiered, compressed oops, compressed class ptrs, g1 gc, windows-amd64)
GC Precious Log:
 CPUs: 16 total, 16 available
 Memory: 24283M
 Large Page Support: Disabled
 NUMA Support: Disabled
 Compressed Oops: Enabled (32-bit)
 Heap Region Size: 1M
 Heap Min Capacity: 8M
 Heap Initial Capacity: 380M
 Heap Max Capacity: 2G
 Pre-touch: Disabled
 Parallel Workers: 13
 Concurrent Workers: 3
 Concurrent Refinement Workers: 13
 Periodic GC: Disabled
Heap:
 garbage-first heap   total 111616K, used 79419K [0x0000000080000000, 0x0000000100000000)
  region size 1024K, 19 young (19456K), 4 survivors (4096K)
 Metaspace       used 63978K, committed 64704K, reserved 491520K
  class space    used 9033K, committed 9408K, reserved 425984K
GC Heap History (20 events):
Event: 25.927 GC heap before
{Heap before GC invocations=17 (full 0):
 garbage-first heap   total 89088K, used 68771K [0x0000000080000000, 0x0000000100000000)
  region size 1024K, 24 young (24576K), 4 survivors (4096K)
 Metaspace       used 55417K, committed 56064K, reserved 491520K
  class space    used 7825K, committed 8128K, reserved 425984K
}
Event: 26.266 GC heap after
{Heap after GC invocations=18 (full 0):
 garbage-first heap   total 89088K, used 46329K [0x0000000080000000, 0x0000000100000000)
  region size 1024K, 1 young (1024K), 1 survivors (1024K)
 Metaspace       used 55417K, committed 56064K, reserved 491520K
  class space    used 7825K, committed 8128K, reserved 425984K
}
Event: 29.450 GC heap before
{Heap before GC invocations=19 (full 0):
 garbage-first heap   total 89088K, used 73977K [0x0000000080000000, 0x0000000100000000)
  region size 1024K, 25 young (25600K), 1 survivors (1024K)
 Metaspace       used 57718K, committed 58304K, reserved 491520K
  class space    used 8172K, committed 8448K, reserved 425984K
}
Event: 29.453 GC heap after
{Heap after GC invocations=20 (full 0):
 garbage-first heap   total 89088K, used 50919K [0x0000000080000000, 0x0000000100000000)
  region size 1024K, 3 young (3072K), 3 survivors (3072K)
 Metaspace       used 57718K, committed 58304K, reserved 491520K
  class space    used 8172K, committed 8448K, reserved 425984K
}
Event: 29.468 GC heap before
{Heap before GC invocations=20 (full 0):
 garbage-first heap   total 89088K, used 51943K [0x0000000080000000, 0x0000000100000000)
  region size 1024K, 4 young (4096K), 3 survivors (3072K)
 Metaspace       used 57790K, committed 58368K, reserved 491520K
  class space    used 8193K, committed 8448K, reserved 425984K
}
Event: 29.469 GC heap after
{Heap after GC invocations=21 (full 0):
 garbage-first heap   total 89088K, used 50140K [0x0000000080000000, 0x0000000100000000)
  region size 1024K, 1 young (1024K), 1 survivors (1024K)
 Metaspace       used 57790K, committed 58368K, reserved 491520K
  class space    used 8193K, committed 8448K, reserved 425984K
}
Event: 29.511 GC heap before
{Heap before GC invocations=21 (full 0):
 garbage-first heap   total 89088K, used 52188K [0x0000000080000000, 0x0000000100000000)
  region size 1024K, 4 young (4096K), 1 survivors (1024K)
 Metaspace       used 57902K, committed 58560K, reserved 491520K
  class space    used 8215K, committed 8512K, reserved 425984K
}
Event: 29.512 GC heap after
{Heap after GC invocations=22 (full 0):
 garbage-first heap   total 89088K, used 50250K [0x0000000080000000, 0x0000000100000000)
  region size 1024K, 1 young (1024K), 1 survivors (1024K)
 Metaspace       used 57902K, committed 58560K, reserved 491520K
  class space    used 8215K, committed 8512K, reserved 425984K
}
Event: 30.285 GC heap before
{Heap before GC invocations=23 (full 0):
 garbage-first heap   total 101376K, used 80970K [0x0000000080000000, 0x0000000100000000)
  region size 1024K, 23 young (23552K), 1 survivors (1024K)
 Metaspace       used 59709K, committed 60288K, reserved 491520K
  class space    used 8432K, committed 8704K, reserved 425984K
}
Event: 30.287 GC heap after
{Heap after GC invocations=24 (full 0):
 garbage-first heap   total 101376K, used 60354K [0x0000000080000000, 0x0000000100000000)
  region size 1024K, 3 young (3072K), 3 survivors (3072K)
 Metaspace       used 59709K, committed 60288K, reserved 491520K
  class space    used 8432K, committed 8704K, reserved 425984K
}
Event: 30.303 GC heap before
{Heap before GC invocations=24 (full 0):
 garbage-first heap   total 101376K, used 61378K [0x0000000080000000, 0x0000000100000000)
  region size 1024K, 4 young (4096K), 3 survivors (3072K)
 Metaspace       used 59824K, committed 60416K, reserved 491520K
  class space    used 8446K, committed 8704K, reserved 425984K
}
Event: 30.304 GC heap after
{Heap after GC invocations=25 (full 0):
 garbage-first heap   total 101376K, used 59692K [0x0000000080000000, 0x0000000100000000)
  region size 1024K, 1 young (1024K), 1 survivors (1024K)
 Metaspace       used 59824K, committed 60416K, reserved 491520K
  class space    used 8446K, committed 8704K, reserved 425984K
}
Event: 30.644 GC heap before
{Heap before GC invocations=25 (full 0):
 garbage-first heap   total 101376K, used 82220K [0x0000000080000000, 0x0000000100000000)
  region size 1024K, 23 young (23552K), 1 survivors (1024K)
 Metaspace       used 61143K, committed 61760K, reserved 491520K
  class space    used 8641K, committed 8960K, reserved 425984K
}
Event: 30.646 GC heap after
{Heap after GC invocations=26 (full 0):
 garbage-first heap   total 101376K, used 61017K [0x0000000080000000, 0x0000000100000000)
  region size 1024K, 2 young (2048K), 2 survivors (2048K)
 Metaspace       used 61143K, committed 61760K, reserved 491520K
  class space    used 8641K, committed 8960K, reserved 425984K
}
Event: 30.960 GC heap before
{Heap before GC invocations=27 (full 0):
 garbage-first heap   total 107520K, used 82521K [0x0000000080000000, 0x0000000100000000)
  region size 1024K, 23 young (23552K), 2 survivors (2048K)
 Metaspace       used 62398K, committed 63040K, reserved 491520K
  class space    used 8801K, committed 9152K, reserved 425984K
}
Event: 30.962 GC heap after
{Heap after GC invocations=28 (full 0):
 garbage-first heap   total 107520K, used 61509K [0x0000000080000000, 0x0000000100000000)
  region size 1024K, 2 young (2048K), 2 survivors (2048K)
 Metaspace       used 62398K, committed 63040K, reserved 491520K
  class space    used 8801K, committed 9152K, reserved 425984K
}
Event: 31.001 GC heap before
{Heap before GC invocations=28 (full 0):
 garbage-first heap   total 107520K, used 64581K [0x0000000080000000, 0x0000000100000000)
  region size 1024K, 5 young (5120K), 2 survivors (2048K)
 Metaspace       used 62457K, committed 63104K, reserved 491520K
  class space    used 8812K, committed 9152K, reserved 425984K
}
Event: 31.003 GC heap after
{Heap after GC invocations=29 (full 0):
 garbage-first heap   total 107520K, used 61408K [0x0000000080000000, 0x0000000100000000)
  region size 1024K, 1 young (1024K), 1 survivors (1024K)
 Metaspace       used 62457K, committed 63104K, reserved 491520K
  class space    used 8812K, committed 9152K, reserved 425984K
}
Event: 32.355 GC heap before
{Heap before GC invocations=29 (full 0):
 garbage-first heap   total 107520K, used 85984K [0x0000000080000000, 0x0000000100000000)
  region size 1024K, 26 young (26624K), 1 survivors (1024K)
 Metaspace       used 63044K, committed 63744K, reserved 491520K
  class space    used 8889K, committed 9216K, reserved 425984K
}
Event: 32.358 GC heap after
{Heap after GC invocations=30 (full 0):
 garbage-first heap   total 107520K, used 65083K [0x0000000080000000, 0x0000000100000000)
  region size 1024K, 4 young (4096K), 4 survivors (4096K)
 Metaspace       used 63044K, committed 63744K, reserved 491520K
  class space    used 8889K, committed 9216K, reserved 425984K
}

