# JRE version: Java(TM) SE Runtime Environment (17.0.12+8) (build 17.0.12+8-LTS-286)
# Java VM: Java HotSpot(TM) 64-Bit Server VM (17.0.12+8-LTS-286, mixed mode, sharing, tiered, compressed oops, compressed class ptrs, g1 gc, windows-amd64)
GC Precious Log:
 CPUs: 16 total, 16 available
 Memory: 24283M
 Large Page Support: Disabled
 NUMA Support: Disabled
 Compressed Oops: Enabled (32-bit)
 Heap Region Size: 1M
 Heap Min Capacity: 8M
 Heap Initial Capacity: 380M
 Heap Max Capacity: 2G
 Pre-touch: Disabled
 Parallel Workers: 13
 Concurrent Workers: 3
 Concurrent Refinement Workers: 13
 Periodic GC: Disabled
Heap:
 garbage-first heap   total 92160K, used 50574K [0x0000000080000000, 0x0000000100000000)
  region size 1024K, 19 young (19456K), 2 survivors (2048K)
 Metaspace       used 42376K, committed 42944K, reserved 491520K
  class space    used 6010K, committed 6272K, reserved 425984K
GC Heap History (18 events):
Event: 5.668 GC heap before
{Heap before GC invocations=0 (full 0):
 garbage-first heap   total 389120K, used 22528K [0x0000000080000000, 0x0000000100000000)
  region size 1024K, 23 young (23552K), 0 survivors (0K)
 Metaspace       used 1111K, committed 1280K, reserved 491520K
  class space    used 72K, committed 128K, reserved 425984K
}
Event: 5.755 GC heap after
{Heap after GC invocations=1 (full 0):
 garbage-first heap   total 389120K, used 4702K [0x0000000080000000, 0x0000000100000000)
  region size 1024K, 3 young (3072K), 3 survivors (3072K)
 Metaspace       used 1111K, committed 1280K, reserved 491520K
  class space    used 72K, committed 128K, reserved 425984K
}
Event: 7.049 GC heap before
{Heap before GC invocations=1 (full 0):
 garbage-first heap   total 389120K, used 40542K [0x0000000080000000, 0x0000000100000000)
  region size 1024K, 34 young (34816K), 3 survivors (3072K)
 Metaspace       used 4437K, committed 4608K, reserved 491520K
  class space    used 542K, committed 640K, reserved 425984K
}
Event: 7.051 GC heap after
{Heap after GC invocations=2 (full 0):
 garbage-first heap   total 389120K, used 12169K [0x0000000080000000, 0x0000000100000000)
  region size 1024K, 5 young (5120K), 5 survivors (5120K)
 Metaspace       used 4437K, committed 4608K, reserved 491520K
  class space    used 542K, committed 640K, reserved 425984K
}
Event: 8.661 GC heap before
{Heap before GC invocations=2 (full 0):
 garbage-first heap   total 389120K, used 60297K [0x0000000080000000, 0x0000000100000000)
  region size 1024K, 50 young (51200K), 5 survivors (5120K)
 Metaspace       used 4901K, committed 5056K, reserved 491520K
  class space    used 625K, committed 704K, reserved 425984K
}
Event: 8.664 GC heap after
{Heap after GC invocations=3 (full 0):
 garbage-first heap   total 389120K, used 17689K [0x0000000080000000, 0x0000000100000000)
  region size 1024K, 7 young (7168K), 7 survivors (7168K)
 Metaspace       used 4901K, committed 5056K, reserved 491520K
  class space    used 625K, committed 704K, reserved 425984K
}
Event: 15.160 GC heap before
{Heap before GC invocations=3 (full 0):
 garbage-first heap   total 389120K, used 124185K [0x0000000080000000, 0x0000000100000000)
  region size 1024K, 112 young (114688K), 7 survivors (7168K)
 Metaspace       used 21177K, committed 21504K, reserved 491520K
  class space    used 3047K, committed 3200K, reserved 425984K
}
Event: 15.321 GC heap after
{Heap after GC invocations=4 (full 0):
 garbage-first heap   total 389120K, used 25014K [0x0000000080000000, 0x0000000100000000)
  region size 1024K, 15 young (15360K), 15 survivors (15360K)
 Metaspace       used 21177K, committed 21504K, reserved 491520K
  class space    used 3047K, committed 3200K, reserved 425984K
}
Event: 16.163 GC heap before
{Heap before GC invocations=5 (full 0):
 garbage-first heap   total 92160K, used 63926K [0x0000000080000000, 0x0000000100000000)
  region size 1024K, 54 young (55296K), 15 survivors (15360K)
 Metaspace       used 25408K, committed 25792K, reserved 491520K
  class space    used 3737K, committed 3904K, reserved 425984K
}
Event: 16.172 GC heap after
{Heap after GC invocations=6 (full 0):
 garbage-first heap   total 92160K, used 26831K [0x0000000080000000, 0x0000000100000000)
  region size 1024K, 3 young (3072K), 3 survivors (3072K)
 Metaspace       used 25408K, committed 25792K, reserved 491520K
  class space    used 3737K, committed 3904K, reserved 425984K
}
Event: 16.914 GC heap before
{Heap before GC invocations=6 (full 0):
 garbage-first heap   total 92160K, used 66767K [0x0000000080000000, 0x0000000100000000)
  region size 1024K, 43 young (44032K), 3 survivors (3072K)
 Metaspace       used 31905K, committed 32384K, reserved 491520K
  class space    used 4449K, committed 4672K, reserved 425984K
}
Event: 16.917 GC heap after
{Heap after GC invocations=7 (full 0):
 garbage-first heap   total 92160K, used 30413K [0x0000000080000000, 0x0000000100000000)
  region size 1024K, 6 young (6144K), 6 survivors (6144K)
 Metaspace       used 31905K, committed 32384K, reserved 491520K
  class space    used 4449K, committed 4672K, reserved 425984K
}
Event: 19.473 GC heap before
{Heap before GC invocations=7 (full 0):
 garbage-first heap   total 92160K, used 70349K [0x0000000080000000, 0x0000000100000000)
  region size 1024K, 41 young (41984K), 6 survivors (6144K)
 Metaspace       used 35593K, committed 35968K, reserved 491520K
  class space    used 4914K, committed 5120K, reserved 425984K
}
Event: 19.477 GC heap after
{Heap after GC invocations=8 (full 0):
 garbage-first heap   total 92160K, used 32514K [0x0000000080000000, 0x0000000100000000)
  region size 1024K, 4 young (4096K), 4 survivors (4096K)
 Metaspace       used 35593K, committed 35968K, reserved 491520K
  class space    used 4914K, committed 5120K, reserved 425984K
}
Event: 19.982 GC heap before
{Heap before GC invocations=9 (full 0):
 garbage-first heap   total 92160K, used 68354K [0x0000000080000000, 0x0000000100000000)
  region size 1024K, 39 young (39936K), 4 survivors (4096K)
 Metaspace       used 37007K, committed 37504K, reserved 491520K
  class space    used 5140K, committed 5376K, reserved 425984K
}
Event: 19.986 GC heap after
{Heap after GC invocations=10 (full 0):
 garbage-first heap   total 92160K, used 33119K [0x0000000080000000, 0x0000000100000000)
  region size 1024K, 1 young (1024K), 1 survivors (1024K)
 Metaspace       used 37007K, committed 37504K, reserved 491520K
  class space    used 5140K, committed 5376K, reserved 425984K
}
Event: 22.133 GC heap before
{Heap before GC invocations=10 (full 0):
 garbage-first heap   total 92160K, used 72031K [0x0000000080000000, 0x0000000100000000)
  region size 1024K, 39 young (39936K), 1 survivors (1024K)
 Metaspace       used 40730K, committed 41216K, reserved 491520K
  class space    used 5725K, committed 5952K, reserved 425984K
}
Event: 22.136 GC heap after
{Heap after GC invocations=11 (full 0):
 garbage-first heap   total 92160K, used 34190K [0x0000000080000000, 0x0000000100000000)
  region size 1024K, 2 young (2048K), 2 survivors (2048K)
 Metaspace       used 40730K, committed 41216K, reserved 491520K
  class space    used 5725K, committed 5952K, reserved 425984K
}

