# JRE version: Java(TM) SE Runtime Environment (17.0.12+8) (build 17.0.12+8-LTS-286)
# Java VM: Java HotSpot(TM) 64-Bit Server VM (17.0.12+8-LTS-286, mixed mode, sharing, tiered, compressed oops, compressed class ptrs, g1 gc, windows-amd64)
GC Precious Log:
 CPUs: 16 total, 16 available
 Memory: 24283M
 Large Page Support: Disabled
 NUMA Support: Disabled
 Compressed Oops: Enabled (32-bit)
 Heap Region Size: 1M
 Heap Min Capacity: 8M
 Heap Initial Capacity: 380M
 Heap Max Capacity: 2G
 Pre-touch: Disabled
 Parallel Workers: 13
 Concurrent Workers: 3
 Concurrent Refinement Workers: 13
 Periodic GC: Disabled
Heap:
 garbage-first heap   total 96256K, used 56602K [0x0000000080000000, 0x0000000100000000)
  region size 1024K, 47 young (48128K), 15 survivors (15360K)
 Metaspace       used 24821K, committed 25152K, reserved 491520K
  class space    used 3636K, committed 3776K, reserved 425984K
GC Heap History (8 events):
Event: 3.762 GC heap before
{Heap before GC invocations=0 (full 0):
 garbage-first heap   total 389120K, used 22528K [0x0000000080000000, 0x0000000100000000)
  region size 1024K, 23 young (23552K), 0 survivors (0K)
 Metaspace       used 1104K, committed 1216K, reserved 491520K
  class space    used 72K, committed 128K, reserved 425984K
}
Event: 3.874 GC heap after
{Heap after GC invocations=1 (full 0):
 garbage-first heap   total 389120K, used 4420K [0x0000000080000000, 0x0000000100000000)
  region size 1024K, 3 young (3072K), 3 survivors (3072K)
 Metaspace       used 1104K, committed 1216K, reserved 491520K
  class space    used 72K, committed 128K, reserved 425984K
}
Event: 5.110 GC heap before
{Heap before GC invocations=1 (full 0):
 garbage-first heap   total 389120K, used 39236K [0x0000000080000000, 0x0000000100000000)
  region size 1024K, 34 young (34816K), 3 survivors (3072K)
 Metaspace       used 4406K, committed 4608K, reserved 491520K
  class space    used 542K, committed 640K, reserved 425984K
}
Event: 5.112 GC heap after
{Heap after GC invocations=2 (full 0):
 garbage-first heap   total 389120K, used 11859K [0x0000000080000000, 0x0000000100000000)
  region size 1024K, 4 young (4096K), 4 survivors (4096K)
 Metaspace       used 4406K, committed 4608K, reserved 491520K
  class space    used 542K, committed 640K, reserved 425984K
}
Event: 5.917 GC heap before
{Heap before GC invocations=2 (full 0):
 garbage-first heap   total 389120K, used 61011K [0x0000000080000000, 0x0000000100000000)
  region size 1024K, 50 young (51200K), 4 survivors (4096K)
 Metaspace       used 4990K, committed 5248K, reserved 491520K
  class space    used 640K, committed 768K, reserved 425984K
}
Event: 5.921 GC heap after
{Heap after GC invocations=3 (full 0):
 garbage-first heap   total 389120K, used 17349K [0x0000000080000000, 0x0000000100000000)
  region size 1024K, 7 young (7168K), 7 survivors (7168K)
 Metaspace       used 4990K, committed 5248K, reserved 491520K
  class space    used 640K, committed 768K, reserved 425984K
}
Event: 19.350 GC heap before
{Heap before GC invocations=3 (full 0):
 garbage-first heap   total 389120K, used 122821K [0x0000000080000000, 0x0000000100000000)
  region size 1024K, 111 young (113664K), 7 survivors (7168K)
 Metaspace       used 21207K, committed 21504K, reserved 491520K
  class space    used 3051K, committed 3200K, reserved 425984K
}
Event: 19.419 GC heap after
{Heap after GC invocations=4 (full 0):
 garbage-first heap   total 389120K, used 24858K [0x0000000080000000, 0x0000000100000000)
  region size 1024K, 15 young (15360K), 15 survivors (15360K)
 Metaspace       used 21207K, committed 21504K, reserved 491520K
  class space    used 3051K, committed 3200K, reserved 425984K
}

